#
# A fatal error has been detected by the Java Runtime Environment:
#
#  EXCEPTION_ACCESS_VIOLATION (0xc0000005) at pc=0x00007ffda5da4100, pid=8248, tid=9072
#
# JRE version: OpenJDK Runtime Environment Temurin-21.0.8+9 (21.0.8+9) (build 21.0.8+9-LTS)
# Java VM: OpenJDK 64-Bit Server VM Temurin-21.0.8+9 (21.0.8+9-LTS, mixed mode, sharing, tiered, compressed oops, compressed class ptrs, g1 gc, windows-aarch64)
# Problematic frame:
# C  [awt.dll+0x14100]
#
# No core dump will be written. Minidumps are not enabled by default on client versions of Windows
#
# If you would like to submit a bug report, please visit:
#   https://github.com/adoptium/adoptium-support/issues
# The crash happened outside the Java Virtual Machine in native code.
# See problematic frame for where to report the bug.
#

---------------  S U M M A R Y ------------

Command Line: -Dfile.encoding=UTF-8 -Dstdout.encoding=UTF-8 -Dstderr.encoding=UTF-8 -XX:+ShowCodeDetailsInExceptionMessages com.adbmanager.App

Host: Snapdragon (TM) 855+ @ 2.96 GHz, 8 cores, 11G,  Windows 11 , 64 bit Build 26100 (10.0.26100.5770)
Time: Sun Apr 12 18:23:03 2026 Hora de verano romance elapsed time: 1020.538294 seconds (0d 0h 17m 0s)

---------------  T H R E A D  ---------------

Current thread (0x000002055903e6f0):  JavaThread "AWT-Windows" daemon [_thread_in_native, id=9072, stack(0x000000c920a00000,0x000000c920b00000) (1024K)]

Stack: [0x000000c920a00000,0x000000c920b00000],  sp=0x000000c920aff110,  free space=1020k
Native frames: (J=compiled Java code, j=interpreted, Vv=VM code, C=native code)
C  [awt.dll+0x14100]
Java frames: (J=compiled Java code, j=interpreted, Vv=VM code)
j  sun.awt.windows.WToolkit.eventLoop()V+0 java.desktop@21.0.8
j  sun.awt.windows.WToolkit.run()V+50 java.desktop@21.0.8
j  java.lang.Thread.runWith(Ljava/lang/Object;Ljava/lang/Runnable;)V+5 java.base@21.0.8
j  java.lang.Thread.run()V+19 java.base@21.0.8
v  ~StubRoutines::call_stub 0x0000020544810154

siginfo: EXCEPTION_ACCESS_VIOLATION (0xc0000005), reading address 0x0000000000000000


Registers:
X0 =0x0000000000000000, X1 =0x00000000000000ae, X2 =0x0000000000000000, X3 =0x0000000000000037
X4 =0x00007ffda5da9168, X5 =0x000000c920bfeff0, X6 =0x0000000000000000, X7 =0x0000000000000001
X8 =0x00007ffda5da968c, X9 =0x00007ffda5da96c0, X10=0x000000000000002d, X11=0x000002055929e2bc
X12=0x0000000000000000, X13=0x0000000000000000, X14=0x0000000000000000, X15=0x00007ffda5e52268
X16=0x0000cb244ec8e6aa, X17=0x0000cb244ec8e6aa, X18=0x00007ffe113101e4, X19=0x000002055a4ea450
, X20=0x0000000000000000, X21=0x0000000080004005, X22=0x00007ffda5ed1000, X23=0x000000c920bfeff0
, X24=0x00007ffda5ed1000, X25=0x000000007789f798, X26=0x0000020559ff44c0, X27=0x0000000000000000, X28=0x0000000000000000


Register to memory mapping:

 X0=0x0 is null
 X1=0x00000000000000ae is an unknown value
 X2=0x0 is null
 X3=0x0000000000000037 is an unknown value
 X4=0x00007ffda5da9168 awt.dll
 X5=0x000000c920bfeff0 is pointing into the stack for thread: 0x000002055a7fbd50
 X6=0x0 is null
 X7=0x0000000000000001 is an unknown value
 X8=0x00007ffda5da968c awt.dll
 X9=0x00007ffda5da96c0 awt.dll
X10=0x000000000000002d is an unknown value
X11=0x000002055929e2bc points into unknown readable memory: 64 00 00 00
X12=0x0 is null
X13=0x0 is null
X14=0x0 is null
X15=0x00007ffda5e52268 awt.dll
X16=0x0000cb244ec8e6aa is an unknown value
X17=0x0000cb244ec8e6aa is an unknown value
X18=0x00007ffe113101e4 ucrtbase.dll
X19=0x000002055a4ea450 points into unknown readable memory: 0x00007ffda5e821b0 | b0 21 e8 a5 fd 7f 00 00
X20=0x0 is null
X21=0x0000000080004005 is an unknown value
X22=0x00007ffda5ed1000 awt.dll
X23=0x000000c920bfeff0 is pointing into the stack for thread: 0x000002055a7fbd50
X24=0x00007ffda5ed1000 awt.dll
X25=0x000000007789f798 is an unknown value
X26=0x0000020559ff44c0 points into unknown readable memory: 0x0000000000000001 | 01 00 00 00 00 00 00 00
X27=0x0 is null
X28=0x0 is null

Top of Stack: (sp=0x000000c920aff110)
0x000000c920aff110:   000002055929e2bc 00007ffda5da9694
0x000000c920aff120:   233d7bb3ff692ba3 00007ffe11a6d5e0
0x000000c920aff130:   0000000000000001 0000020559d4d520
0x000000c920aff140:   000000c920aff160 000002055903eaa8
0x000000c920aff150:   0000020500000000 000000c920bfeff0
0x000000c920aff160:   000000c920aff180 00007ffd913d1244
0x000000c920aff170:   000002055903e6f0 000002055929e2c4
0x000000c920aff180:   000002055903eaa8 00007ffda5ed3e80
0x000000c920aff190:   00007ffda5da9168 000000c920bfeff0
0x000000c920aff1a0:   0000000000009829 00007ffda5ed3e10
0x000000c920aff1b0:   00000000000b0048 000000c920aff1e0
0x000000c920aff1c0:   00000000000b0048 00007ffda5e530c0
0x000000c920aff1d0:   0000000000000000 0000000000000000
0x000000c920aff1e0:   0000000000000000 0000000000000000
0x000000c920aff1f0:   0000000000000000 0000000000000000
0x000000c920aff200:   0000000000000000 fffffffffffffffe
0x000000c920aff210:   000002055903eaa8 0000000000000000
0x000000c920aff220:   0000000000000000 0000000000000000
0x000000c920aff230:   0000000000000000 0000000000000000
0x000000c920aff240:   000000c920aff2b0 ffff35a4d1e70b96
0x000000c920aff250:   000000c920aff2b0 00007ffe126ddbec
0x000000c920aff260:   0000000000000000 00007ffe128492f8
0x000000c920aff270:   00007ffe12847568 00007ffe128492f0
0x000000c920aff280:   00007ffda5da9168 000000c920bfeff0
0x000000c920aff290:   0000000000009829 0000000000000000
0x000000c920aff2a0:   00000000000b0048 00007ffe128492f8
0x000000c920aff2b0:   000000c920aff410 00007ffe126f90d0
0x000000c920aff2c0:   0000000000000000 0000000000000000
0x000000c920aff2d0:   0000000100000000 0000000000000001
0x000000c920aff2e0:   0000000080000022 8000002200000001
0x000000c920aff2f0:   0000000000000001 0000000000000000
0x000000c920aff300:   0000000000000000 0000000000000001 

Instructions: (pc=0x00007ffda5da4100)
0x00007ffda5da4000:   c0 03 5f d6 00 00 00 00 f3 53 be a9 fe 0b 00 f9
0x00007ffda5da4010:   f3 03 00 aa 68 aa 42 b9 48 01 00 34 60 06 40 f9
0x00007ffda5da4020:   60 00 00 b4 01 00 80 52 e4 31 00 94 60 22 40 f9
0x00007ffda5da4030:   7f aa 02 b9 08 00 40 f9 08 a9 40 f9 00 01 3f d6
0x00007ffda5da4040:   60 4a 41 f9 74 22 00 91 7f 82 02 b9 a0 00 00 b4
0x00007ffda5da4050:   08 00 40 f9 08 09 40 f9 00 01 3f d6 7f 4a 01 f9
0x00007ffda5da4060:   60 52 41 f9 a0 00 00 b4 08 00 40 f9 08 09 40 f9
0x00007ffda5da4070:   00 01 3f d6 7f 52 01 f9 80 02 40 f9 40 00 00 b4
0x00007ffda5da4080:   be 31 00 94 60 16 40 f9 40 00 00 b4 bf 05 00 94
0x00007ffda5da4090:   60 12 40 f9 40 00 00 b4 bc 05 00 94 60 2a 40 f9
0x00007ffda5da40a0:   e0 00 00 b4 61 4e 41 f9 61 00 00 b4 0f 21 00 94
0x00007ffda5da40b0:   7f 4e 01 f9 60 2a 40 f9 f6 20 00 94 10 e4 00 4f
0x00007ffda5da40c0:   70 3e 80 3d 7f 82 00 f9 fe 0b 40 f9 f3 53 c2 a8
0x00007ffda5da40d0:   c0 03 5f d6 00 00 00 00 ff 43 00 d1 f3 7b 00 a9
0x00007ffda5da40e0:   f3 03 00 aa 60 06 40 f9 60 00 00 b4 01 00 80 52
0x00007ffda5da40f0:   b2 31 00 94 60 22 40 f9 02 00 80 52 c1 15 80 52
0x00007ffda5da4100:   08 00 40 f9 08 e5 40 f9 00 01 3f d6 60 22 40 f9
0x00007ffda5da4110:   02 00 80 52 e1 00 80 52 08 00 40 f9 08 e5 40 f9
0x00007ffda5da4120:   00 01 3f d6 f3 7b 40 a9 ff 43 00 91 c0 03 5f d6
0x00007ffda5da4130:   f3 53 be a9 fe 0b 00 f9 f3 03 00 aa 68 22 40 f9
0x00007ffda5da4140:   a8 00 00 b5 a0 02 00 18 fe 0b 40 f9 f3 53 c2 a8
0x00007ffda5da4150:   c0 03 5f d6 01 00 80 52 e0 03 13 aa 51 02 00 94
0x00007ffda5da4160:   02 00 80 52 f4 03 00 2a 60 22 40 f9 61 03 80 52
0x00007ffda5da4170:   08 00 40 f9 08 e5 40 f9 00 01 3f d6 10 10 2e 1e
0x00007ffda5da4180:   e0 03 14 2a 70 1a 00 bd fe 0b 40 f9 f3 53 c2 a8
0x00007ffda5da4190:   c0 03 5f d6 1f 20 03 d5 05 40 00 80 00 00 00 00
0x00007ffda5da41a0:   f3 53 be a9 fe 0b 00 f9 ff 03 01 d1 e8 06 00 d0
0x00007ffda5da41b0:   02 41 0a 91 f3 03 00 aa 21 00 80 52 60 00 80 52
0x00007ffda5da41c0:   d4 02 00 18 a1 27 01 94 68 22 40 f9 c8 01 00 b4
0x00007ffda5da41d0:   71 c2 48 ad f1 43 00 ad 71 c2 49 ad f1 43 01 ad
0x00007ffda5da41e0:   e8 2b 40 b9 88 00 00 34 ff 0b 00 b9 ff 3b 00 b9
0x00007ffda5da41f0:   ff 03 00 f9 e1 03 00 91 e0 03 13 aa 2f fb ff 97 


Stack slot to memory mapping:

stack at sp + 0 slots: 0x000002055929e2bc points into unknown readable memory: 64 00 00 00
stack at sp + 1 slots: 0x00007ffda5da9694 awt.dll
stack at sp + 2 slots: 0x233d7bb3ff692ba3 is an unknown value
stack at sp + 3 slots: 0x00007ffe11a6d5e0 KERNELBASE.dll
stack at sp + 4 slots: 0x0000000000000001 is an unknown value
stack at sp + 5 slots: 0x0000020559d4d520 points into unknown readable memory: 0x0000000000000102 | 02 01 00 00 00 00 00 00
stack at sp + 6 slots: 0x000000c920aff160 is pointing into the stack for thread: 0x000002055903e6f0
stack at sp + 7 slots: 0x000002055903eaa8 points into unknown readable memory: 0x00007ffd91b19cc0 | c0 9c b1 91 fd 7f 00 00


---------------  P R O C E S S  ---------------

Threads class SMR info:
_java_thread_list=0x0000020559d512c0, length=31, elements={
0x00000205377e63c0, 0x00000205377e6f80, 0x00000205377eca80, 0x00000205377ed760,
0x00000205377f09f0, 0x00000205377f16e0, 0x00000205378099b0, 0x000002053780a8c0,
0x000002053793d790, 0x000002053793dfb0, 0x0000020537cfc8c0, 0x0000020537f3c090,
0x0000020559fcc920, 0x0000020559942880, 0x000002055903e6f0, 0x000002055a7fbd50,
0x000002055a7fb6d0, 0x000002055a7fd750, 0x000002055a7fca50, 0x000002053795a060,
0x000002053795ee60, 0x000002053795c760, 0x0000020537ed9d60, 0x000002053795e7e0,
0x0000020537edcae0, 0x0000020537edd160, 0x0000020537eda3e0, 0x0000020537edaa60,
0x0000020537edf860, 0x0000020537edeb60, 0x000002055a6eaa60
}

Java Threads: ( => current thread )
  0x00000205377e63c0 JavaThread "Reference Handler"          daemon [_thread_blocked, id=11152, stack(0x000000c91f300000,0x000000c91f400000) (1024K)]
  0x00000205377e6f80 JavaThread "Finalizer"                  daemon [_thread_blocked, id=2492, stack(0x000000c91f400000,0x000000c91f500000) (1024K)]
  0x00000205377eca80 JavaThread "Signal Dispatcher"          daemon [_thread_blocked, id=4828, stack(0x000000c91f500000,0x000000c91f600000) (1024K)]
  0x00000205377ed760 JavaThread "Attach Listener"            daemon [_thread_blocked, id=8452, stack(0x000000c91f600000,0x000000c91f700000) (1024K)]
  0x00000205377f09f0 JavaThread "Service Thread"             daemon [_thread_blocked, id=6880, stack(0x000000c91f700000,0x000000c91f800000) (1024K)]
  0x00000205377f16e0 JavaThread "Monitor Deflation Thread"   daemon [_thread_blocked, id=13936, stack(0x000000c91f800000,0x000000c91f900000) (1024K)]
  0x00000205378099b0 JavaThread "C2 CompilerThread0"         daemon [_thread_blocked, id=4668, stack(0x000000c91f900000,0x000000c91fa00000) (1024K)]
  0x000002053780a8c0 JavaThread "C1 CompilerThread0"         daemon [_thread_blocked, id=4048, stack(0x000000c91fa00000,0x000000c91fb00000) (1024K)]
  0x000002053793d790 JavaThread "Notification Thread"        daemon [_thread_blocked, id=13220, stack(0x000000c91fb00000,0x000000c91fc00000) (1024K)]
  0x000002053793dfb0 JavaThread "Common-Cleaner"             daemon [_thread_blocked, id=4840, stack(0x000000c91fc00000,0x000000c91fd00000) (1024K)]
  0x0000020537cfc8c0 JavaThread "HttpClient-1-SelectorManager" daemon [_thread_in_native, id=15100, stack(0x000000c91fe00000,0x000000c91ff00000) (1024K)]
  0x0000020537f3c090 JavaThread "HttpClient-2-SelectorManager" daemon [_thread_in_native, id=11540, stack(0x000000c91fd00000,0x000000c91fe00000) (1024K)]
  0x0000020559fcc920 JavaThread "Java2D Disposer"            daemon [_thread_blocked, id=3900, stack(0x000000c920800000,0x000000c920900000) (1024K)]
  0x0000020559942880 JavaThread "AWT-Shutdown"                      [_thread_blocked, id=3228, stack(0x000000c920900000,0x000000c920a00000) (1024K)]
=>0x000002055903e6f0 JavaThread "AWT-Windows"                daemon [_thread_in_native, id=9072, stack(0x000000c920a00000,0x000000c920b00000) (1024K)]
  0x000002055a7fbd50 JavaThread "AWT-EventQueue-0"                  [_thread_in_native, id=13932, stack(0x000000c920b00000,0x000000c920c00000) (1024K)]
  0x000002055a7fb6d0 JavaThread "DestroyJavaVM"                     [_thread_blocked, id=3132, stack(0x000000c91eb00000,0x000000c91ec00000) (1024K)]
  0x000002055a7fd750 JavaThread "TimerQueue"                 daemon [_thread_blocked, id=12680, stack(0x000000c920000000,0x000000c920100000) (1024K)]
  0x000002055a7fca50 JavaThread "HttpClient-3-SelectorManager" daemon [_thread_in_native, id=13116, stack(0x000000c920c00000,0x000000c920d00000) (1024K)]
  0x000002053795a060 JavaThread "SwingWorker-pool-1-thread-1" daemon [_thread_blocked, id=9132, stack(0x000000c921100000,0x000000c921200000) (1024K)]
  0x000002053795ee60 JavaThread "D3D Screen Updater"         daemon [_thread_blocked, id=6588, stack(0x000000c921300000,0x000000c921400000) (1024K)]
  0x000002053795c760 JavaThread "SwingWorker-pool-1-thread-2" daemon [_thread_blocked, id=7140, stack(0x000000c920d00000,0x000000c920e00000) (1024K)]
  0x0000020537ed9d60 JavaThread "Swing-Shell"                daemon [_thread_blocked, id=8024, stack(0x000000c921500000,0x000000c921600000) (1024K)]
  0x000002053795e7e0 JavaThread "SwingWorker-pool-1-thread-3" daemon [_thread_blocked, id=9004, stack(0x000000c921900000,0x000000c921a00000) (1024K)]
  0x0000020537edcae0 JavaThread "SwingWorker-pool-1-thread-4" daemon [_thread_blocked, id=8092, stack(0x000000c921a00000,0x000000c921b00000) (1024K)]
  0x0000020537edd160 JavaThread "SwingWorker-pool-1-thread-5" daemon [_thread_blocked, id=15276, stack(0x000000c921b00000,0x000000c921c00000) (1024K)]
  0x0000020537eda3e0 JavaThread "SwingWorker-pool-1-thread-6" daemon [_thread_blocked, id=336, stack(0x000000c921c00000,0x000000c921d00000) (1024K)]
  0x0000020537edaa60 JavaThread "SwingWorker-pool-1-thread-7" daemon [_thread_blocked, id=14248, stack(0x000000c921d00000,0x000000c921e00000) (1024K)]
  0x0000020537edf860 JavaThread "SwingWorker-pool-1-thread-8" daemon [_thread_blocked, id=3660, stack(0x000000c91e900000,0x000000c91ea00000) (1024K)]
  0x0000020537edeb60 JavaThread "SwingWorker-pool-1-thread-9" daemon [_thread_blocked, id=8272, stack(0x000000c91ea00000,0x000000c91eb00000) (1024K)]
  0x000002055a6eaa60 JavaThread "SwingWorker-pool-1-thread-10" daemon [_thread_blocked, id=9936, stack(0x000000c920f00000,0x000000c921000000) (1024K)]
Total: 31

Other Threads:
  0x00000205377cc840 VMThread "VM Thread"                           [id=9364, stack(0x000000c91f200000,0x000000c91f300000) (1024K)]
  0x00000205376eab70 WatcherThread "VM Periodic Task Thread"        [id=3504, stack(0x000000c91f100000,0x000000c91f200000) (1024K)]
  0x0000020537621bf0 WorkerThread "GC Thread#0"                     [id=13868, stack(0x000000c91ec00000,0x000000c91ed00000) (1024K)]
  0x000002055903c860 WorkerThread "GC Thread#1"                     [id=9576, stack(0x000000c920100000,0x000000c920200000) (1024K)]
  0x000002055903cc10 WorkerThread "GC Thread#2"                     [id=7232, stack(0x000000c920200000,0x000000c920300000) (1024K)]
  0x000002055903cfc0 WorkerThread "GC Thread#3"                     [id=13996, stack(0x000000c920300000,0x000000c920400000) (1024K)]
  0x000002055903e340 WorkerThread "GC Thread#4"                     [id=7852, stack(0x000000c920400000,0x000000c920500000) (1024K)]
  0x000002055903ef60 WorkerThread "GC Thread#5"                     [id=4204, stack(0x000000c920500000,0x000000c920600000) (1024K)]
  0x000002055903f310 WorkerThread "GC Thread#6"                     [id=1932, stack(0x000000c920600000,0x000000c920700000) (1024K)]
  0x000002055903f6c0 WorkerThread "GC Thread#7"                     [id=4992, stack(0x000000c920700000,0x000000c920800000) (1024K)]
  0x0000020537622950 ConcurrentGCThread "G1 Main Marker"            [id=8896, stack(0x000000c91ed00000,0x000000c91ee00000) (1024K)]
  0x0000020537644580 WorkerThread "G1 Conc#0"                       [id=15124, stack(0x000000c91ee00000,0x000000c91ef00000) (1024K)]
  0x000002055a9e29f0 WorkerThread "G1 Conc#1"                       [id=4412, stack(0x000000c921200000,0x000000c921300000) (1024K)]
  0x000002053713cf20 ConcurrentGCThread "G1 Refine#0"               [id=11764, stack(0x000000c91ef00000,0x000000c91f000000) (1024K)]
  0x000002053713dac0 ConcurrentGCThread "G1 Service"                [id=6824, stack(0x000000c91f000000,0x000000c91f100000) (1024K)]
Total: 15

Threads with active compile tasks:
Total: 0

VM state: not at safepoint (normal execution)

VM Mutex/Monitor currently owned by a thread: None

Heap address: 0x0000000748800000, size: 2936 MB, Compressed Oops mode: Zero based, Oop shift amount: 3

CDS archive(s) mapped at: [0x000000b800000000-0x000000b800c80000-0x000000b800c80000), size 13107200, SharedBaseAddress: 0x000000b800000000, ArchiveRelocationMode: 1.
Compressed class space mapped at: 0x000000b801000000-0x000000b841000000, reserved size: 1073741824
Narrow klass base: 0x000000b800000000, Narrow klass shift: 0, Narrow klass range: 0x100000000

GC Precious Log:
 CardTable entry size: 512
 Card Set container configuration: InlinePtr #cards 4 size 8 Array Of Cards #cards 16 size 48 Howl #buckets 8 coarsen threshold 3686 Howl Bitmap #cards 512 size 80 coarsen threshold 460 Card regions per heap region 1 cards per card region 4096
 CPUs: 8 total, 8 available
 Memory: 11742M
 Large Page Support: Disabled
 NUMA Support: Disabled
 Compressed Oops: Enabled (Zero based)
 Heap Region Size: 2M
 Heap Min Capacity: 8M
 Heap Initial Capacity: 184M
 Heap Max Capacity: 2936M
 Pre-touch: Disabled
 Parallel Workers: 8
 Concurrent Workers: 2
 Concurrent Refinement Workers: 8
 Periodic GC: Disabled

Heap:
 garbage-first heap   total 210944K, used 178362K [0x0000000748800000, 0x0000000800000000)
  region size 2048K, 53 young (108544K), 1 survivors (2048K)
 Metaspace       used 29579K, committed 29952K, reserved 1114112K
  class space    used 3234K, committed 3392K, reserved 1048576K

Heap Regions: E=young(eden), S=young(survivor), O=old, HS=humongous(starts), HC=humongous(continues), CS=collection set, F=free, TAMS=top-at-mark-start, PB=parsable bottom
|   0|0x0000000748800000, 0x0000000748a00000, 0x0000000748a00000|100%| O|  |TAMS 0x0000000748800000| PB 0x0000000748800000| Untracked 
|   1|0x0000000748a00000, 0x0000000748c00000, 0x0000000748c00000|100%| O|  |TAMS 0x0000000748a00000| PB 0x0000000748a00000| Untracked 
|   2|0x0000000748c00000, 0x0000000748e00000, 0x0000000748e00000|100%| O|  |TAMS 0x0000000748c00000| PB 0x0000000748c00000| Untracked 
|   3|0x0000000748e00000, 0x0000000749000000, 0x0000000749000000|100%| O|  |TAMS 0x0000000748e00000| PB 0x0000000748e00000| Untracked 
|   4|0x0000000749000000, 0x0000000749200000, 0x0000000749200000|100%| O|  |TAMS 0x0000000749000000| PB 0x0000000749000000| Untracked 
|   5|0x0000000749200000, 0x0000000749400000, 0x0000000749400000|100%| O|  |TAMS 0x0000000749200000| PB 0x0000000749200000| Untracked 
|   6|0x0000000749400000, 0x0000000749600000, 0x0000000749600000|100%| O|  |TAMS 0x0000000749400000| PB 0x0000000749400000| Untracked 
|   7|0x0000000749600000, 0x0000000749800000, 0x0000000749800000|100%| O|  |TAMS 0x0000000749600000| PB 0x0000000749600000| Untracked 
|   8|0x0000000749800000, 0x0000000749a00000, 0x0000000749a00000|100%|HS|  |TAMS 0x0000000749800000| PB 0x0000000749800000| Complete 
|   9|0x0000000749a00000, 0x0000000749c00000, 0x0000000749c00000|100%|HC|  |TAMS 0x0000000749a00000| PB 0x0000000749a00000| Complete 
|  10|0x0000000749c00000, 0x0000000749e00000, 0x0000000749e00000|100%|HC|  |TAMS 0x0000000749c00000| PB 0x0000000749c00000| Complete 
|  11|0x0000000749e00000, 0x000000074a000000, 0x000000074a000000|100%|HC|  |TAMS 0x0000000749e00000| PB 0x0000000749e00000| Complete 
|  12|0x000000074a000000, 0x000000074a200000, 0x000000074a200000|100%|HC|  |TAMS 0x000000074a000000| PB 0x000000074a000000| Complete 
|  13|0x000000074a200000, 0x000000074a200000, 0x000000074a400000|  0%| F|  |TAMS 0x000000074a200000| PB 0x000000074a200000| Untracked 
|  14|0x000000074a400000, 0x000000074a400000, 0x000000074a600000|  0%| F|  |TAMS 0x000000074a400000| PB 0x000000074a400000| Untracked 
|  15|0x000000074a600000, 0x000000074a800000, 0x000000074a800000|100%| O|  |TAMS 0x000000074a600000| PB 0x000000074a600000| Untracked 
|  16|0x000000074a800000, 0x000000074aa00000, 0x000000074aa00000|100%| O|  |TAMS 0x000000074a800000| PB 0x000000074a800000| Untracked 
|  17|0x000000074aa00000, 0x000000074aa00000, 0x000000074ac00000|  0%| F|  |TAMS 0x000000074aa00000| PB 0x000000074aa00000| Untracked 
|  18|0x000000074ac00000, 0x000000074ac00000, 0x000000074ae00000|  0%| F|  |TAMS 0x000000074ac00000| PB 0x000000074ac00000| Untracked 
|  19|0x000000074ae00000, 0x000000074ae00000, 0x000000074b000000|  0%| F|  |TAMS 0x000000074ae00000| PB 0x000000074ae00000| Untracked 
|  20|0x000000074b000000, 0x000000074b000000, 0x000000074b200000|  0%| F|  |TAMS 0x000000074b000000| PB 0x000000074b000000| Untracked 
|  21|0x000000074b200000, 0x000000074b3a2bb0, 0x000000074b400000| 81%| O|  |TAMS 0x000000074b200000| PB 0x000000074b200000| Untracked 
|  22|0x000000074b400000, 0x000000074b400000, 0x000000074b600000|  0%| F|  |TAMS 0x000000074b400000| PB 0x000000074b400000| Untracked 
|  23|0x000000074b600000, 0x000000074b800000, 0x000000074b800000|100%| O|  |TAMS 0x000000074b600000| PB 0x000000074b600000| Untracked 
|  24|0x000000074b800000, 0x000000074ba00000, 0x000000074ba00000|100%| O|  |TAMS 0x000000074b800000| PB 0x000000074b800000| Untracked 
|  25|0x000000074ba00000, 0x000000074bc00000, 0x000000074bc00000|100%| O|  |TAMS 0x000000074ba00000| PB 0x000000074ba00000| Untracked 
|  26|0x000000074bc00000, 0x000000074be00000, 0x000000074be00000|100%| O|  |TAMS 0x000000074bc00000| PB 0x000000074bc00000| Untracked 
|  27|0x000000074be00000, 0x000000074be00000, 0x000000074c000000|  0%| F|  |TAMS 0x000000074be00000| PB 0x000000074be00000| Untracked 
|  28|0x000000074c000000, 0x000000074c08bd58, 0x000000074c200000| 27%| S|CS|TAMS 0x000000074c000000| PB 0x000000074c000000| Complete 
|  29|0x000000074c200000, 0x000000074c200000, 0x000000074c400000|  0%| F|  |TAMS 0x000000074c200000| PB 0x000000074c200000| Untracked 
|  30|0x000000074c400000, 0x000000074c400000, 0x000000074c600000|  0%| F|  |TAMS 0x000000074c400000| PB 0x000000074c400000| Untracked 
|  31|0x000000074c600000, 0x000000074c600000, 0x000000074c800000|  0%| F|  |TAMS 0x000000074c600000| PB 0x000000074c600000| Untracked 
|  32|0x000000074c800000, 0x000000074c800000, 0x000000074ca00000|  0%| F|  |TAMS 0x000000074c800000| PB 0x000000074c800000| Untracked 
|  33|0x000000074ca00000, 0x000000074ca00000, 0x000000074cc00000|  0%| F|  |TAMS 0x000000074ca00000| PB 0x000000074ca00000| Untracked 
|  34|0x000000074cc00000, 0x000000074cd6a180, 0x000000074ce00000| 70%| E|  |TAMS 0x000000074cc00000| PB 0x000000074cc00000| Complete 
|  35|0x000000074ce00000, 0x000000074d000000, 0x000000074d000000|100%| E|CS|TAMS 0x000000074ce00000| PB 0x000000074ce00000| Complete 
|  36|0x000000074d000000, 0x000000074d200000, 0x000000074d200000|100%| E|CS|TAMS 0x000000074d000000| PB 0x000000074d000000| Complete 
|  37|0x000000074d200000, 0x000000074d400000, 0x000000074d400000|100%| E|CS|TAMS 0x000000074d200000| PB 0x000000074d200000| Complete 
|  38|0x000000074d400000, 0x000000074d600000, 0x000000074d600000|100%|HS|  |TAMS 0x000000074d400000| PB 0x000000074d400000| Complete 
|  39|0x000000074d600000, 0x000000074d800000, 0x000000074d800000|100%|HC|  |TAMS 0x000000074d600000| PB 0x000000074d600000| Complete 
|  40|0x000000074d800000, 0x000000074da00000, 0x000000074da00000|100%|HC|  |TAMS 0x000000074d800000| PB 0x000000074d800000| Complete 
|  41|0x000000074da00000, 0x000000074dc00000, 0x000000074dc00000|100%|HC|  |TAMS 0x000000074da00000| PB 0x000000074da00000| Complete 
|  42|0x000000074dc00000, 0x000000074de00000, 0x000000074de00000|100%| E|CS|TAMS 0x000000074dc00000| PB 0x000000074dc00000| Complete 
|  43|0x000000074de00000, 0x000000074e000000, 0x000000074e000000|100%| E|CS|TAMS 0x000000074de00000| PB 0x000000074de00000| Complete 
|  44|0x000000074e000000, 0x000000074e200000, 0x000000074e200000|100%| E|CS|TAMS 0x000000074e000000| PB 0x000000074e000000| Complete 
|  45|0x000000074e200000, 0x000000074e400000, 0x000000074e400000|100%| E|CS|TAMS 0x000000074e200000| PB 0x000000074e200000| Complete 
|  46|0x000000074e400000, 0x000000074e600000, 0x000000074e600000|100%| E|CS|TAMS 0x000000074e400000| PB 0x000000074e400000| Complete 
|  47|0x000000074e600000, 0x000000074e800000, 0x000000074e800000|100%| E|CS|TAMS 0x000000074e600000| PB 0x000000074e600000| Complete 
|  48|0x000000074e800000, 0x000000074ea00000, 0x000000074ea00000|100%| E|  |TAMS 0x000000074e800000| PB 0x000000074e800000| Complete 
|  49|0x000000074ea00000, 0x000000074ec00000, 0x000000074ec00000|100%| E|CS|TAMS 0x000000074ea00000| PB 0x000000074ea00000| Complete 
|  50|0x000000074ec00000, 0x000000074ee00000, 0x000000074ee00000|100%| E|CS|TAMS 0x000000074ec00000| PB 0x000000074ec00000| Complete 
|  51|0x000000074ee00000, 0x000000074f000000, 0x000000074f000000|100%| E|CS|TAMS 0x000000074ee00000| PB 0x000000074ee00000| Complete 
|  52|0x000000074f000000, 0x000000074f200000, 0x000000074f200000|100%| E|CS|TAMS 0x000000074f000000| PB 0x000000074f000000| Complete 
|  53|0x000000074f200000, 0x000000074f400000, 0x000000074f400000|100%| E|CS|TAMS 0x000000074f200000| PB 0x000000074f200000| Complete 
|  54|0x000000074f400000, 0x000000074f600000, 0x000000074f600000|100%| E|CS|TAMS 0x000000074f400000| PB 0x000000074f400000| Complete 
|  55|0x000000074f600000, 0x000000074f800000, 0x000000074f800000|100%| E|CS|TAMS 0x000000074f600000| PB 0x000000074f600000| Complete 
|  56|0x000000074f800000, 0x000000074fa00000, 0x000000074fa00000|100%| E|CS|TAMS 0x000000074f800000| PB 0x000000074f800000| Complete 
|  57|0x000000074fa00000, 0x000000074fc00000, 0x000000074fc00000|100%| E|CS|TAMS 0x000000074fa00000| PB 0x000000074fa00000| Complete 
|  58|0x000000074fc00000, 0x000000074fe00000, 0x000000074fe00000|100%| E|CS|TAMS 0x000000074fc00000| PB 0x000000074fc00000| Complete 
|  59|0x000000074fe00000, 0x0000000750000000, 0x0000000750000000|100%| E|CS|TAMS 0x000000074fe00000| PB 0x000000074fe00000| Complete 
|  60|0x0000000750000000, 0x0000000750200000, 0x0000000750200000|100%| E|CS|TAMS 0x0000000750000000| PB 0x0000000750000000| Complete 
|  61|0x0000000750200000, 0x0000000750400000, 0x0000000750400000|100%| E|CS|TAMS 0x0000000750200000| PB 0x0000000750200000| Complete 
|  62|0x0000000750400000, 0x0000000750600000, 0x0000000750600000|100%| E|CS|TAMS 0x0000000750400000| PB 0x0000000750400000| Complete 
|  63|0x0000000750600000, 0x0000000750800000, 0x0000000750800000|100%| E|CS|TAMS 0x0000000750600000| PB 0x0000000750600000| Complete 
|  64|0x0000000750800000, 0x0000000750a00000, 0x0000000750a00000|100%| E|CS|TAMS 0x0000000750800000| PB 0x0000000750800000| Complete 
|  65|0x0000000750a00000, 0x0000000750c00000, 0x0000000750c00000|100%| E|CS|TAMS 0x0000000750a00000| PB 0x0000000750a00000| Complete 
|  66|0x0000000750c00000, 0x0000000750e00000, 0x0000000750e00000|100%| E|CS|TAMS 0x0000000750c00000| PB 0x0000000750c00000| Complete 
|  67|0x0000000750e00000, 0x0000000751000000, 0x0000000751000000|100%| E|CS|TAMS 0x0000000750e00000| PB 0x0000000750e00000| Complete 
|  68|0x0000000751000000, 0x0000000751200000, 0x0000000751200000|100%| E|CS|TAMS 0x0000000751000000| PB 0x0000000751000000| Complete 
|  69|0x0000000751200000, 0x0000000751400000, 0x0000000751400000|100%| E|CS|TAMS 0x0000000751200000| PB 0x0000000751200000| Complete 
|  70|0x0000000751400000, 0x0000000751600000, 0x0000000751600000|100%| E|CS|TAMS 0x0000000751400000| PB 0x0000000751400000| Complete 
|  71|0x0000000751600000, 0x0000000751800000, 0x0000000751800000|100%| E|CS|TAMS 0x0000000751600000| PB 0x0000000751600000| Complete 
|  72|0x0000000751800000, 0x0000000751a00000, 0x0000000751a00000|100%| E|CS|TAMS 0x0000000751800000| PB 0x0000000751800000| Complete 
|  73|0x0000000751a00000, 0x0000000751c00000, 0x0000000751c00000|100%| E|CS|TAMS 0x0000000751a00000| PB 0x0000000751a00000| Complete 
|  74|0x0000000751c00000, 0x0000000751e00000, 0x0000000751e00000|100%| E|CS|TAMS 0x0000000751c00000| PB 0x0000000751c00000| Complete 
|  75|0x0000000751e00000, 0x0000000752000000, 0x0000000752000000|100%| E|CS|TAMS 0x0000000751e00000| PB 0x0000000751e00000| Complete 
|  76|0x0000000752000000, 0x0000000752200000, 0x0000000752200000|100%| E|CS|TAMS 0x0000000752000000| PB 0x0000000752000000| Complete 
|  77|0x0000000752200000, 0x0000000752400000, 0x0000000752400000|100%| E|CS|TAMS 0x0000000752200000| PB 0x0000000752200000| Complete 
|  78|0x0000000752400000, 0x0000000752600000, 0x0000000752600000|100%| E|CS|TAMS 0x0000000752400000| PB 0x0000000752400000| Complete 
|  79|0x0000000752600000, 0x0000000752800000, 0x0000000752800000|100%| E|CS|TAMS 0x0000000752600000| PB 0x0000000752600000| Complete 
|  80|0x0000000752800000, 0x0000000752a00000, 0x0000000752a00000|100%| E|CS|TAMS 0x0000000752800000| PB 0x0000000752800000| Complete 
|  81|0x0000000752a00000, 0x0000000752c00000, 0x0000000752c00000|100%| E|CS|TAMS 0x0000000752a00000| PB 0x0000000752a00000| Complete 
|  82|0x0000000752c00000, 0x0000000752e00000, 0x0000000752e00000|100%| E|CS|TAMS 0x0000000752c00000| PB 0x0000000752c00000| Complete 
|  83|0x0000000752e00000, 0x0000000753000000, 0x0000000753000000|100%| E|CS|TAMS 0x0000000752e00000| PB 0x0000000752e00000| Complete 
|  84|0x0000000753000000, 0x0000000753200000, 0x0000000753200000|100%| E|CS|TAMS 0x0000000753000000| PB 0x0000000753000000| Complete 
|  85|0x0000000753200000, 0x0000000753400000, 0x0000000753400000|100%| E|CS|TAMS 0x0000000753200000| PB 0x0000000753200000| Complete 
|  86|0x0000000753400000, 0x0000000753600000, 0x0000000753600000|100%| E|CS|TAMS 0x0000000753400000| PB 0x0000000753400000| Complete 
|  87|0x0000000753600000, 0x0000000753800000, 0x0000000753800000|100%| E|CS|TAMS 0x0000000753600000| PB 0x0000000753600000| Complete 
|  88|0x0000000753800000, 0x0000000753a00000, 0x0000000753a00000|100%| E|CS|TAMS 0x0000000753800000| PB 0x0000000753800000| Complete 
|  91|0x0000000753e00000, 0x0000000754000000, 0x0000000754000000|100%| E|CS|TAMS 0x0000000753e00000| PB 0x0000000753e00000| Complete 
|  92|0x0000000754000000, 0x0000000754200000, 0x0000000754200000|100%|HS|  |TAMS 0x0000000754000000| PB 0x0000000754000000| Complete 
|  93|0x0000000754200000, 0x0000000754400000, 0x0000000754400000|100%|HC|  |TAMS 0x0000000754200000| PB 0x0000000754200000| Complete 
|  94|0x0000000754400000, 0x0000000754600000, 0x0000000754600000|100%|HC|  |TAMS 0x0000000754400000| PB 0x0000000754400000| Complete 
|  95|0x0000000754600000, 0x0000000754800000, 0x0000000754800000|100%|HC|  |TAMS 0x0000000754600000| PB 0x0000000754600000| Complete 
|  96|0x0000000754800000, 0x0000000754a00000, 0x0000000754a00000|100%|HS|  |TAMS 0x0000000754800000| PB 0x0000000754800000| Complete 
|  97|0x0000000754a00000, 0x0000000754c00000, 0x0000000754c00000|100%|HC|  |TAMS 0x0000000754a00000| PB 0x0000000754a00000| Complete 
|  98|0x0000000754c00000, 0x0000000754e00000, 0x0000000754e00000|100%|HC|  |TAMS 0x0000000754c00000| PB 0x0000000754c00000| Complete 
|  99|0x0000000754e00000, 0x0000000755000000, 0x0000000755000000|100%|HC|  |TAMS 0x0000000754e00000| PB 0x0000000754e00000| Complete 
| 100|0x0000000755000000, 0x0000000755200000, 0x0000000755200000|100%|HC|  |TAMS 0x0000000755000000| PB 0x0000000755000000| Complete 
| 101|0x0000000755200000, 0x0000000755400000, 0x0000000755400000|100%|HC|  |TAMS 0x0000000755200000| PB 0x0000000755200000| Complete 
| 102|0x0000000755400000, 0x0000000755600000, 0x0000000755600000|100%|HC|  |TAMS 0x0000000755400000| PB 0x0000000755400000| Complete 
| 103|0x0000000755600000, 0x0000000755800000, 0x0000000755800000|100%|HC|  |TAMS 0x0000000755600000| PB 0x0000000755600000| Complete 
| 104|0x0000000755800000, 0x0000000755a00000, 0x0000000755a00000|100%|HC|  |TAMS 0x0000000755800000| PB 0x0000000755800000| Complete 

Card table byte_map: [0x000002054e000000,0x000002054e5c0000] _byte_map_base: 0x000002054a5bc000

Marking Bits: (CMBitMap*) 0x0000020537622210
 Bits: [0x000002054e5c0000, 0x00000205513a0000)

Polling page: 0x000002053d2c0000

Metaspace:

Usage:
  Non-class:     25.73 MB used.
      Class:      3.16 MB used.
       Both:     28.89 MB used.

Virtual space:
  Non-class space:       64.00 MB reserved,      25.94 MB ( 41%) committed,  1 nodes.
      Class space:        1.00 GB reserved,       3.31 MB ( <1%) committed,  1 nodes.
             Both:        1.06 GB reserved,      29.25 MB (  3%) committed. 

Chunk freelists:
   Non-Class:  6.09 MB
       Class:  12.64 MB
        Both:  18.73 MB

MaxMetaspaceSize: unlimited
CompressedClassSpaceSize: 1.00 GB
Initial GC threshold: 21.00 MB
Current GC threshold: 35.44 MB
CDS: on
 - commit_granule_bytes: 65536.
 - commit_granule_words: 8192.
 - virtual_space_node_default_size: 8388608.
 - enlarge_chunks_in_place: 1.
 - use_allocation_guard: 0.


Internal statistics:

num_allocs_failed_limit: 3.
num_arena_births: 508.
num_arena_deaths: 0.
num_vsnodes_births: 2.
num_vsnodes_deaths: 0.
num_space_committed: 468.
num_space_uncommitted: 0.
num_chunks_returned_to_freelist: 3.
num_chunks_taken_from_freelist: 890.
num_chunk_merges: 0.
num_chunk_splits: 508.
num_chunks_enlarged: 241.
num_inconsistent_stats: 0.

CodeHeap 'non-profiled nmethods': size=120000Kb used=5582Kb max_used=5582Kb free=114417Kb
 bounds [0x0000020544db0000, 0x0000020545330000, 0x000002054c2e0000]
CodeHeap 'profiled nmethods': size=120000Kb used=18126Kb max_used=18126Kb free=101873Kb
 bounds [0x000002053d2e0000, 0x000002053e4a0000, 0x0000020544810000]
CodeHeap 'non-nmethods': size=5760Kb used=1641Kb max_used=1722Kb free=4118Kb
 bounds [0x0000020544810000, 0x0000020544a80000, 0x0000020544db0000]
CodeCache: size=245760Kb, used=25349Kb, max_used=25430Kb, free=220408Kb
 total_blobs=8684, nmethods=7861, adapters=727, full_count=0
Compilation: enabled, stopped_count=0, restarted_count=0

Compilation events (20 events):
Event: 992.926 Thread 0x000002053780a8c0 7850       3       java.nio.CharBuffer::position (8 bytes)
Event: 992.927 Thread 0x00000205378099b0 7851       4       sun.nio.fs.WindowsPathParser::parse (504 bytes)
Event: 992.927 Thread 0x000002053780a8c0 nmethod 7850 0x000002053e488590 code [0x000002053e488740, 0x000002053e4888c0]
Event: 992.959 Thread 0x00000205378099b0 nmethod 7851 0x000002054531ed90 code [0x000002054531f100, 0x0000020545320958]
Event: 993.077 Thread 0x000002053780a8c0 7852       3       java.util.stream.SpinedBuffer::capacity (38 bytes)
Event: 993.077 Thread 0x000002053780a8c0 nmethod 7852 0x000002053e488990 code [0x000002053e488b40, 0x000002053e488d68]
Event: 993.123 Thread 0x000002053780a8c0 7853       3       com.adbmanager.view.Messages::format (9 bytes)
Event: 993.123 Thread 0x000002053780a8c0 nmethod 7853 0x000002053e488e90 code [0x000002053e489100, 0x000002053e489748]
Event: 993.123 Thread 0x000002053780a8c0 7854       3       java.text.MessageFormat::format (15 bytes)
Event: 993.123 Thread 0x000002053780a8c0 nmethod 7854 0x000002053e489a10 code [0x000002053e489bc0, 0x000002053e489db0]
Event: 1020.434 Thread 0x000002053780a8c0 7855       3       java.awt.Image::<init> (11 bytes)
Event: 1020.434 Thread 0x000002053780a8c0 nmethod 7855 0x000002053e489e90 code [0x000002053e48a040, 0x000002053e48a1c0]
Event: 1020.435 Thread 0x000002053780a8c0 7856       3       javax.swing.text.PlainView::callDrawUnselectedText (46 bytes)
Event: 1020.436 Thread 0x000002053780a8c0 nmethod 7856 0x000002053e48a290 code [0x000002053e48a480, 0x000002053e48aa18]
Event: 1020.440 Thread 0x000002053780a8c0 7857   !   3       javax.swing.JComponent::paintChildren (684 bytes)
Event: 1020.440 Thread 0x00000205378099b0 7858       4       sun.java2d.marlin.Renderer::curveBreakIntoLinesAndAdd (500 bytes)
Event: 1020.452 Thread 0x00000205378099b0 nmethod 7858 0x0000020545321990 code [0x0000020545321bc0, 0x0000020545321f60]
Event: 1020.453 Thread 0x000002053780a8c0 nmethod 7857 0x000002053e48ab10 code [0x000002053e48b580, 0x000002053e490840]
Event: 1020.508 Thread 0x000002053780a8c0 7865       3       java.awt.geom.Rectangle2D::intersects (85 bytes)
Event: 1020.510 Thread 0x000002053780a8c0 nmethod 7865 0x000002053e492f90 code [0x000002053e4931c0, 0x000002053e4939c8]

GC Heap History (20 events):
Event: 2.164 GC heap before
{Heap before GC invocations=1 (full 0):
 garbage-first heap   total 188416K, used 34848K [0x0000000748800000, 0x0000000800000000)
  region size 2048K, 17 young (34816K), 2 survivors (4096K)
 Metaspace       used 6783K, committed 6976K, reserved 1114112K
  class space    used 690K, committed 768K, reserved 1048576K
}
Event: 2.178 GC heap after
{Heap after GC invocations=2 (full 0):
 garbage-first heap   total 188416K, used 10304K [0x0000000748800000, 0x0000000800000000)
  region size 2048K, 3 young (6144K), 3 survivors (6144K)
 Metaspace       used 6783K, committed 6976K, reserved 1114112K
  class space    used 690K, committed 768K, reserved 1048576K
}
Event: 15.124 GC heap before
{Heap before GC invocations=2 (full 0):
 garbage-first heap   total 188416K, used 73792K [0x0000000748800000, 0x0000000800000000)
  region size 2048K, 35 young (71680K), 3 survivors (6144K)
 Metaspace       used 20338K, committed 20736K, reserved 1114112K
  class space    used 2310K, committed 2496K, reserved 1048576K
}
Event: 15.156 GC heap after
{Heap after GC invocations=3 (full 0):
 garbage-first heap   total 188416K, used 20913K [0x0000000748800000, 0x0000000800000000)
  region size 2048K, 5 young (10240K), 5 survivors (10240K)
 Metaspace       used 20338K, committed 20736K, reserved 1114112K
  class space    used 2310K, committed 2496K, reserved 1048576K
}
Event: 35.065 GC heap before
{Heap before GC invocations=3 (full 0):
 garbage-first heap   total 188416K, used 72113K [0x0000000748800000, 0x0000000800000000)
  region size 2048K, 15 young (30720K), 5 survivors (10240K)
 Metaspace       used 21181K, committed 21504K, reserved 1114112K
  class space    used 2387K, committed 2560K, reserved 1048576K
}
Event: 35.083 GC heap after
{Heap after GC invocations=4 (full 0):
 garbage-first heap   total 188416K, used 53567K [0x0000000748800000, 0x0000000800000000)
  region size 2048K, 1 young (2048K), 1 survivors (2048K)
 Metaspace       used 21181K, committed 21504K, reserved 1114112K
  class space    used 2387K, committed 2560K, reserved 1048576K
}
Event: 221.945 GC heap before
{Heap before GC invocations=5 (full 0):
 garbage-first heap   total 210944K, used 196927K [0x0000000748800000, 0x0000000800000000)
  region size 2048K, 45 young (92160K), 1 survivors (2048K)
 Metaspace       used 28554K, committed 28992K, reserved 1114112K
  class space    used 3207K, committed 3392K, reserved 1048576K
}
Event: 221.954 GC heap after
{Heap after GC invocations=6 (full 0):
 garbage-first heap   total 210944K, used 94736K [0x0000000748800000, 0x0000000800000000)
  region size 2048K, 4 young (8192K), 4 survivors (8192K)
 Metaspace       used 28554K, committed 28992K, reserved 1114112K
  class space    used 3207K, committed 3392K, reserved 1048576K
}
Event: 833.283 GC heap before
{Heap before GC invocations=6 (full 0):
 garbage-first heap   total 210944K, used 190992K [0x0000000748800000, 0x0000000800000000)
  region size 2048K, 44 young (90112K), 4 survivors (8192K)
 Metaspace       used 28922K, committed 29312K, reserved 1114112K
  class space    used 3222K, committed 3392K, reserved 1048576K
}
Event: 833.292 GC heap after
{Heap after GC invocations=7 (full 0):
 garbage-first heap   total 210944K, used 80511K [0x0000000748800000, 0x0000000800000000)
  region size 2048K, 4 young (8192K), 4 survivors (8192K)
 Metaspace       used 28922K, committed 29312K, reserved 1114112K
  class space    used 3222K, committed 3392K, reserved 1048576K
}
Event: 834.334 GC heap before
{Heap before GC invocations=7 (full 0):
 garbage-first heap   total 210944K, used 170623K [0x0000000748800000, 0x0000000800000000)
  region size 2048K, 49 young (100352K), 4 survivors (8192K)
 Metaspace       used 28976K, committed 29312K, reserved 1114112K
  class space    used 3227K, committed 3392K, reserved 1048576K
}
Event: 834.371 GC heap after
{Heap after GC invocations=8 (full 0):
 garbage-first heap   total 210944K, used 90788K [0x0000000748800000, 0x0000000800000000)
  region size 2048K, 7 young (14336K), 7 survivors (14336K)
 Metaspace       used 28976K, committed 29312K, reserved 1114112K
  class space    used 3227K, committed 3392K, reserved 1048576K
}
Event: 844.435 GC heap before
{Heap before GC invocations=8 (full 0):
 garbage-first heap   total 210944K, used 176804K [0x0000000748800000, 0x0000000800000000)
  region size 2048K, 48 young (98304K), 7 survivors (14336K)
 Metaspace       used 29045K, committed 29440K, reserved 1114112K
  class space    used 3232K, committed 3392K, reserved 1048576K
}
Event: 844.450 GC heap after
{Heap after GC invocations=9 (full 0):
 garbage-first heap   total 210944K, used 81361K [0x0000000748800000, 0x0000000800000000)
  region size 2048K, 2 young (4096K), 2 survivors (4096K)
 Metaspace       used 29045K, committed 29440K, reserved 1114112K
  class space    used 3232K, committed 3392K, reserved 1048576K
}
Event: 882.736 GC heap before
{Heap before GC invocations=9 (full 0):
 garbage-first heap   total 210944K, used 181713K [0x0000000748800000, 0x0000000800000000)
  region size 2048K, 51 young (104448K), 2 survivors (4096K)
 Metaspace       used 29279K, committed 29632K, reserved 1114112K
  class space    used 3232K, committed 3392K, reserved 1048576K
}
Event: 882.738 GC heap after
{Heap after GC invocations=10 (full 0):
 garbage-first heap   total 210944K, used 76401K [0x0000000748800000, 0x0000000800000000)
  region size 2048K, 1 young (2048K), 1 survivors (2048K)
 Metaspace       used 29279K, committed 29632K, reserved 1114112K
  class space    used 3232K, committed 3392K, reserved 1048576K
}
Event: 916.408 GC heap before
{Heap before GC invocations=10 (full 0):
 garbage-first heap   total 210944K, used 186993K [0x0000000748800000, 0x0000000800000000)
  region size 2048K, 55 young (112640K), 1 survivors (2048K)
 Metaspace       used 29460K, committed 29888K, reserved 1114112K
  class space    used 3232K, committed 3392K, reserved 1048576K
}
Event: 916.411 GC heap after
{Heap after GC invocations=11 (full 0):
 garbage-first heap   total 210944K, used 76081K [0x0000000748800000, 0x0000000800000000)
  region size 2048K, 1 young (2048K), 1 survivors (2048K)
 Metaspace       used 29460K, committed 29888K, reserved 1114112K
  class space    used 3232K, committed 3392K, reserved 1048576K
}
Event: 955.671 GC heap before
{Heap before GC invocations=11 (full 0):
 garbage-first heap   total 210944K, used 188721K [0x0000000748800000, 0x0000000800000000)
  region size 2048K, 57 young (116736K), 1 survivors (2048K)
 Metaspace       used 29507K, committed 29952K, reserved 1114112K
  class space    used 3232K, committed 3392K, reserved 1048576K
}
Event: 955.678 GC heap after
{Heap after GC invocations=12 (full 0):
 garbage-first heap   total 210944K, used 75962K [0x0000000748800000, 0x0000000800000000)
  region size 2048K, 1 young (2048K), 1 survivors (2048K)
 Metaspace       used 29507K, committed 29952K, reserved 1114112K
  class space    used 3232K, committed 3392K, reserved 1048576K
}

Dll operation events (11 events):
Event: 0.023 Loaded shared library C:\Users\agcar\.p2\pool\plugins\org.eclipse.justj.openjdk.hotspot.jre.full.win32.aarch64_21.0.8.v20250724-1412\jre\bin\java.dll
Event: 0.085 Loaded shared library C:\Users\agcar\.p2\pool\plugins\org.eclipse.justj.openjdk.hotspot.jre.full.win32.aarch64_21.0.8.v20250724-1412\jre\bin\zip.dll
Event: 0.287 Loaded shared library C:\Users\agcar\.p2\pool\plugins\org.eclipse.justj.openjdk.hotspot.jre.full.win32.aarch64_21.0.8.v20250724-1412\jre\bin\jimage.dll
Event: 0.300 Loaded shared library C:\Users\agcar\.p2\pool\plugins\org.eclipse.justj.openjdk.hotspot.jre.full.win32.aarch64_21.0.8.v20250724-1412\jre\bin\zip.dll
Event: 0.653 Loaded shared library C:\Users\agcar\.p2\pool\plugins\org.eclipse.justj.openjdk.hotspot.jre.full.win32.aarch64_21.0.8.v20250724-1412\jre\bin\net.dll
Event: 0.656 Loaded shared library C:\Users\agcar\.p2\pool\plugins\org.eclipse.justj.openjdk.hotspot.jre.full.win32.aarch64_21.0.8.v20250724-1412\jre\bin\nio.dll
Event: 1.000 Loaded shared library C:\Users\agcar\.p2\pool\plugins\org.eclipse.justj.openjdk.hotspot.jre.full.win32.aarch64_21.0.8.v20250724-1412\jre\bin\sunmscapi.dll
Event: 1.130 Loaded shared library C:\Users\agcar\.p2\pool\plugins\org.eclipse.justj.openjdk.hotspot.jre.full.win32.aarch64_21.0.8.v20250724-1412\jre\bin\extnet.dll
Event: 2.470 Loaded shared library C:\Users\agcar\.p2\pool\plugins\org.eclipse.justj.openjdk.hotspot.jre.full.win32.aarch64_21.0.8.v20250724-1412\jre\bin\awt.dll
Event: 3.831 Loaded shared library C:\Users\agcar\.p2\pool\plugins\org.eclipse.justj.openjdk.hotspot.jre.full.win32.aarch64_21.0.8.v20250724-1412\jre\bin\freetype.dll
Event: 3.833 Loaded shared library C:\Users\agcar\.p2\pool\plugins\org.eclipse.justj.openjdk.hotspot.jre.full.win32.aarch64_21.0.8.v20250724-1412\jre\bin\fontmanager.dll

Deoptimization events (20 events):
Event: 915.115 Thread 0x000002055a7fbd50 DEOPT PACKING pc=0x00000205452bbc18 sp=0x000000c920bfe0a0
Event: 915.115 Thread 0x000002055a7fbd50 DEOPT UNPACKING pc=0x000002054485301c sp=0x000000c920bfdfb0 mode 2
Event: 921.045 Thread 0x000002055a7fbd50 DEOPT PACKING pc=0x000002053d8e6cd8 sp=0x000000c920bfe150
Event: 921.045 Thread 0x000002055a7fbd50 DEOPT UNPACKING pc=0x0000020544852e7c sp=0x000000c920bfdd10 mode 0
Event: 938.442 Thread 0x0000020537edd160 DEOPT PACKING pc=0x000002053e27ef94 sp=0x000000c921bfec30
Event: 938.442 Thread 0x0000020537edd160 DEOPT UNPACKING pc=0x0000020544852e7c sp=0x000000c921bfe930 mode 0
Event: 957.885 Thread 0x0000020537edeb60 DEOPT PACKING pc=0x000002053e3dc9d8 sp=0x000000c91eafecd0
Event: 957.885 Thread 0x0000020537edeb60 DEOPT UNPACKING pc=0x0000020544852e7c sp=0x000000c91eafe9f0 mode 3
Event: 982.370 Thread 0x000002053795a060 Uncommon trap: trap_request=0xffffffde fr.pc=0x00000205451e45e4 relative=0x0000000000000764
Event: 982.370 Thread 0x000002053795a060 Uncommon trap: reason=class_check action=maybe_recompile pc=0x00000205451e45e4 method=java.util.regex.Pattern$StartS.match(Ljava/util/regex/Matcher;ILjava/lang/CharSequence;)Z @ 44 c2
Event: 982.370 Thread 0x000002053795a060 DEOPT PACKING pc=0x00000205451e45e4 sp=0x000000c9211feac0
Event: 982.370 Thread 0x000002053795a060 DEOPT UNPACKING pc=0x000002054485301c sp=0x000000c9211fea90 mode 2
Event: 1020.438 Thread 0x000002055a7fbd50 Uncommon trap: trap_request=0xffffff45 fr.pc=0x000002054515a380 relative=0x0000000000004280
Event: 1020.438 Thread 0x000002055a7fbd50 Uncommon trap: reason=unstable_if action=reinterpret pc=0x000002054515a380 method=java.awt.geom.Rectangle2D$Double.isEmpty()Z @ 15 c2
Event: 1020.438 Thread 0x000002055a7fbd50 DEOPT PACKING pc=0x000002054515a380 sp=0x000000c920bfdd20
Event: 1020.439 Thread 0x000002055a7fbd50 DEOPT UNPACKING pc=0x000002054485301c sp=0x000000c920bfdb60 mode 2
Event: 1020.439 Thread 0x000002055a7fbd50 Uncommon trap: trap_request=0xffffff45 fr.pc=0x000002054512ad98 relative=0x0000000000000158
Event: 1020.439 Thread 0x000002055a7fbd50 Uncommon trap: reason=unstable_if action=reinterpret pc=0x000002054512ad98 method=java.awt.geom.Rectangle2D$Double.isEmpty()Z @ 15 c2
Event: 1020.439 Thread 0x000002055a7fbd50 DEOPT PACKING pc=0x000002054512ad98 sp=0x000000c920bfdc30
Event: 1020.439 Thread 0x000002055a7fbd50 DEOPT UNPACKING pc=0x000002054485301c sp=0x000000c920bfdb50 mode 2

Classes loaded (20 events):
Event: 821.887 Loading class java/util/ArrayList$SubList$2
Event: 821.888 Loading class java/util/ArrayList$SubList$2 done
Event: 822.096 Loading class java/util/ArrayList$SubList$1
Event: 822.096 Loading class java/util/ArrayList$SubList$1 done
Event: 830.519 Loading class java/util/regex/Pattern$Behind
Event: 830.519 Loading class java/util/regex/Pattern$Behind done
Event: 830.519 Loading class java/util/regex/Pattern$Pos
Event: 830.519 Loading class java/util/regex/Pattern$Pos done
Event: 830.587 Loading class java/util/function/UnaryOperator
Event: 830.587 Loading class java/util/function/UnaryOperator done
Event: 830.648 Loading class javax/swing/DefaultRowSorter$FilterEntry
Event: 830.648 Loading class javax/swing/RowFilter$Entry
Event: 830.648 Loading class javax/swing/RowFilter$Entry done
Event: 830.648 Loading class javax/swing/DefaultRowSorter$FilterEntry done
Event: 830.711 Loading class javax/swing/JTable$PrintMode
Event: 830.711 Loading class javax/swing/JTable$PrintMode done
Event: 834.714 Loading class javax/swing/SwingWorker$2
Event: 834.714 Loading class javax/swing/SwingWorker$2 done
Event: 834.927 Loading class sun/java2d/marlin/ArrayCacheIntClean$Bucket
Event: 834.927 Loading class sun/java2d/marlin/ArrayCacheIntClean$Bucket done

Classes unloaded (0 events):
No events

Classes redefined (0 events):
No events

Internal exceptions (20 events):
Event: 990.016 Thread 0x000002053795e7e0 Exception <a 'sun/nio/fs/WindowsException'{0x000000074dc6b0c8}> (0x000000074dc6b0c8) 
thrown [s\src\hotspot\share\prims\jni.cpp, line 520]
Event: 990.208 Thread 0x000002053795e7e0 Exception <a 'sun/nio/fs/WindowsException'{0x000000074dc776c8}> (0x000000074dc776c8) 
thrown [s\src\hotspot\share\prims\jni.cpp, line 520]
Event: 990.403 Thread 0x000002053795e7e0 Exception <a 'sun/nio/fs/WindowsException'{0x000000074dd83bf0}> (0x000000074dd83bf0) 
thrown [s\src\hotspot\share\prims\jni.cpp, line 520]
Event: 990.589 Thread 0x000002053795e7e0 Exception <a 'sun/nio/fs/WindowsException'{0x000000074dd8fe80}> (0x000000074dd8fe80) 
thrown [s\src\hotspot\share\prims\jni.cpp, line 520]
Event: 990.813 Thread 0x000002053795e7e0 Exception <a 'sun/nio/fs/WindowsException'{0x000000074d213b60}> (0x000000074d213b60) 
thrown [s\src\hotspot\share\prims\jni.cpp, line 520]
Event: 990.965 Thread 0x000002053795e7e0 Exception <a 'sun/nio/fs/WindowsException'{0x000000074d2ff0a8}> (0x000000074d2ff0a8) 
thrown [s\src\hotspot\share\prims\jni.cpp, line 520]
Event: 991.110 Thread 0x000002053795e7e0 Exception <a 'sun/nio/fs/WindowsException'{0x000000074d337058}> (0x000000074d337058) 
thrown [s\src\hotspot\share\prims\jni.cpp, line 520]
Event: 991.257 Thread 0x000002053795e7e0 Exception <a 'sun/nio/fs/WindowsException'{0x000000074d3435f8}> (0x000000074d3435f8) 
thrown [s\src\hotspot\share\prims\jni.cpp, line 520]
Event: 991.261 Thread 0x000002053795e7e0 Exception <a 'sun/nio/fs/WindowsException'{0x000000074d3fd4d8}> (0x000000074d3fd4d8) 
thrown [s\src\hotspot\share\prims\jni.cpp, line 520]
Event: 991.445 Thread 0x000002053795e7e0 Exception <a 'sun/nio/fs/WindowsException'{0x000000074d00e070}> (0x000000074d00e070) 
thrown [s\src\hotspot\share\prims\jni.cpp, line 520]
Event: 991.653 Thread 0x000002053795e7e0 Exception <a 'sun/nio/fs/WindowsException'{0x000000074d046378}> (0x000000074d046378) 
thrown [s\src\hotspot\share\prims\jni.cpp, line 520]
Event: 991.810 Thread 0x000002053795e7e0 Exception <a 'sun/nio/fs/WindowsException'{0x000000074d0e78c8}> (0x000000074d0e78c8) 
thrown [s\src\hotspot\share\prims\jni.cpp, line 520]
Event: 991.965 Thread 0x000002053795e7e0 Exception <a 'sun/nio/fs/WindowsException'{0x000000074d0f3d58}> (0x000000074d0f3d58) 
thrown [s\src\hotspot\share\prims\jni.cpp, line 520]
Event: 992.105 Thread 0x000002053795e7e0 Exception <a 'sun/nio/fs/WindowsException'{0x000000074d1002b0}> (0x000000074d1002b0) 
thrown [s\src\hotspot\share\prims\jni.cpp, line 520]
Event: 992.109 Thread 0x000002053795e7e0 Exception <a 'sun/nio/fs/WindowsException'{0x000000074d19ba58}> (0x000000074d19ba58) 
thrown [s\src\hotspot\share\prims\jni.cpp, line 520]
Event: 992.303 Thread 0x000002053795e7e0 Exception <a 'sun/nio/fs/WindowsException'{0x000000074d1a7b80}> (0x000000074d1a7b80) 
thrown [s\src\hotspot\share\prims\jni.cpp, line 520]
Event: 992.550 Thread 0x000002053795e7e0 Exception <a 'sun/nio/fs/WindowsException'{0x000000074d1ee640}> (0x000000074d1ee640) 
thrown [s\src\hotspot\share\prims\jni.cpp, line 520]
Event: 992.766 Thread 0x000002053795e7e0 Exception <a 'sun/nio/fs/WindowsException'{0x000000074cf38a98}> (0x000000074cf38a98) 
thrown [s\src\hotspot\share\prims\jni.cpp, line 520]
Event: 992.926 Thread 0x000002053795e7e0 Exception <a 'sun/nio/fs/WindowsException'{0x000000074cf44d28}> (0x000000074cf44d28) 
thrown [s\src\hotspot\share\prims\jni.cpp, line 520]
Event: 993.077 Thread 0x000002053795e7e0 Exception <a 'sun/nio/fs/WindowsException'{0x000000074cf7d0d8}> (0x000000074cf7d0d8) 
thrown [s\src\hotspot\share\prims\jni.cpp, line 520]

ZGC Phase Switch (0 events):
No events

VM Operations (20 events):
Event: 955.671 Executing VM operation: G1CollectForAllocation (G1 Evacuation Pause)
Event: 955.678 Executing VM operation: G1CollectForAllocation (G1 Evacuation Pause) done
Event: 962.275 Executing VM operation: HandshakeAllThreads (HandshakeForDeflation)
Event: 962.276 Executing VM operation: HandshakeAllThreads (HandshakeForDeflation) done
Event: 962.276 Executing VM operation: RendezvousGCThreads
Event: 962.276 Executing VM operation: RendezvousGCThreads done
Event: 965.280 Executing VM operation: Cleanup
Event: 965.280 Executing VM operation: Cleanup done
Event: 968.285 Executing VM operation: Cleanup
Event: 968.285 Executing VM operation: Cleanup done
Event: 973.307 Executing VM operation: Cleanup
Event: 973.308 Executing VM operation: Cleanup done
Event: 980.343 Executing VM operation: Cleanup
Event: 980.343 Executing VM operation: Cleanup done
Event: 981.344 Executing VM operation: Cleanup
Event: 981.344 Executing VM operation: Cleanup done
Event: 982.346 Executing VM operation: Cleanup
Event: 982.346 Executing VM operation: Cleanup done
Event: 1018.512 Executing VM operation: Cleanup
Event: 1018.512 Executing VM operation: Cleanup done

Memory protections (0 events):
No events

Nmethod flushes (0 events):
No events

Events (20 events):
Event: 991.269 Thread 0x000002053795e7e0 Thread added: 0x000002055a6e96e0
Event: 991.445 Thread 0x000002055a6e96e0 Thread exited: 0x000002055a6e96e0
Event: 991.454 Thread 0x000002053795e7e0 Thread added: 0x000002055a6ec460
Event: 991.653 Thread 0x000002055a6ec460 Thread exited: 0x000002055a6ec460
Event: 991.670 Thread 0x000002053795e7e0 Thread added: 0x000002055a6eb0e0
Event: 991.808 Thread 0x000002055a6eb0e0 Thread exited: 0x000002055a6eb0e0
Event: 991.829 Thread 0x000002053795e7e0 Thread added: 0x000002055a6ed160
Event: 991.965 Thread 0x000002055a6ed160 Thread exited: 0x000002055a6ed160
Event: 991.973 Thread 0x000002053795e7e0 Thread added: 0x000002055a6ee4e0
Event: 992.105 Thread 0x000002055a6ee4e0 Thread exited: 0x000002055a6ee4e0
Event: 992.120 Thread 0x000002053795e7e0 Thread added: 0x000002055a6ef1e0
Event: 992.303 Thread 0x000002055a6ef1e0 Thread exited: 0x000002055a6ef1e0
Event: 992.315 Thread 0x000002053795e7e0 Thread added: 0x000002055a6eb0e0
Event: 992.550 Thread 0x000002055a6eb0e0 Thread exited: 0x000002055a6eb0e0
Event: 992.564 Thread 0x000002053795e7e0 Thread added: 0x000002055a6ec460
Event: 992.761 Thread 0x000002055a6ec460 Thread exited: 0x000002055a6ec460
Event: 992.775 Thread 0x000002053795e7e0 Thread added: 0x000002055a6ed160
Event: 992.926 Thread 0x000002055a6ed160 Thread exited: 0x000002055a6ed160
Event: 992.937 Thread 0x000002053795e7e0 Thread added: 0x000002055a6ee4e0
Event: 993.077 Thread 0x000002055a6ee4e0 Thread exited: 0x000002055a6ee4e0


Dynamic libraries:
0x00007ff7bae60000 - 0x00007ff7bae6d000 	C:\Users\agcar\.p2\pool\plugins\org.eclipse.justj.openjdk.hotspot.jre.full.win32.aarch64_21.0.8.v20250724-1412\jre\bin\javaw.exe
0x00007ffe16070000 - 0x00007ffe164a1000 	C:\Windows\SYSTEM32\ntdll.dll
0x00007ffe143e0000 - 0x00007ffe14548000 	C:\Windows\System32\KERNEL32.DLL
0x00007ffe11960000 - 0x00007ffe12016000 	C:\Windows\System32\KERNELBASE.dll
0x00007ffe112f0000 - 0x00007ffe11518000 	C:\Windows\System32\ucrtbase.dll
0x00007ffe0ecc0000 - 0x00007ffe0ecf4000 	C:\Users\agcar\.p2\pool\plugins\org.eclipse.justj.openjdk.hotspot.jre.full.win32.aarch64_21.0.8.v20250724-1412\jre\bin\VCRUNTIME140.dll
0x00007ffe0ed60000 - 0x00007ffe0ed78000 	C:\Users\agcar\.p2\pool\plugins\org.eclipse.justj.openjdk.hotspot.jre.full.win32.aarch64_21.0.8.v20250724-1412\jre\bin\jli.dll
0x00007ffe126d0000 - 0x00007ffe12946000 	C:\Windows\System32\USER32.dll
0x00007ffe0f590000 - 0x00007ffe0fa00000 	C:\Windows\WinSxS\arm64_microsoft.windows.common-controls_6595b64144ccf1df_6.0.26100.5770_none_3e0dc8fae32f7336\COMCTL32.dll
0x00007ffe11280000 - 0x00007ffe112df000 	C:\Windows\System32\win32u.dll
0x00007ffe12480000 - 0x00007ffe125c8000 	C:\Windows\System32\msvcrt.dll
0x00007ffe134c0000 - 0x00007ffe13526000 	C:\Windows\System32\GDI32.dll
0x00007ffe11770000 - 0x00007ffe1195b000 	C:\Windows\System32\gdi32full.dll
0x00007ffe11610000 - 0x00007ffe11769000 	C:\Windows\System32\msvcp_win.dll
0x00007ffe12c20000 - 0x00007ffe12c75000 	C:\Windows\System32\IMM32.DLL
0x00007ffdefad0000 - 0x00007ffdefc25000 	C:\Users\agcar\.p2\pool\plugins\org.eclipse.justj.openjdk.hotspot.jre.full.win32.aarch64_21.0.8.v20250724-1412\jre\bin\msvcp140.dll
0x00007ffd90ff0000 - 0x00007ffd91c58000 	C:\Users\agcar\.p2\pool\plugins\org.eclipse.justj.openjdk.hotspot.jre.full.win32.aarch64_21.0.8.v20250724-1412\jre\bin\server\jvm.dll
0x00007ffe15ed0000 - 0x00007ffe16010000 	C:\Windows\System32\ADVAPI32.dll
0x00007ffe137a0000 - 0x00007ffe138be000 	C:\Windows\System32\sechost.dll
0x00007ffe12a10000 - 0x00007ffe12c13000 	C:\Windows\System32\RPCRT4.dll
0x00007ffe13530000 - 0x00007ffe135f3000 	C:\Windows\System32\WS2_32.dll
0x00007ffdf3f90000 - 0x00007ffdf3ff2000 	C:\Windows\SYSTEM32\WINMM.dll
0x00007ffe11090000 - 0x00007ffe1110c000 	C:\Windows\SYSTEM32\POWRPROF.dll
0x00007ffe0c9c0000 - 0x00007ffe0c9d6000 	C:\Windows\SYSTEM32\VERSION.dll
0x00007ffe11060000 - 0x00007ffe11085000 	C:\Windows\SYSTEM32\UMPDC.dll
0x00007ffe0d550000 - 0x00007ffe0d581000 	C:\Windows\SYSTEM32\kernel.appcore.dll
0x00007ffdf65e0000 - 0x00007ffdf65ea000 	C:\Users\agcar\.p2\pool\plugins\org.eclipse.justj.openjdk.hotspot.jre.full.win32.aarch64_21.0.8.v20250724-1412\jre\bin\jimage.dll
0x00007ffe103a0000 - 0x00007ffe107db000 	C:\Windows\SYSTEM32\DBGHELP.DLL
0x00007ffe12c80000 - 0x00007ffe132f6000 	C:\Windows\System32\combase.dll
0x00007ffe159b0000 - 0x00007ffe15b55000 	C:\Windows\System32\OLEAUT32.dll
0x00007ffe101c0000 - 0x00007ffe10231000 	C:\Windows\SYSTEM32\dbgcore.DLL
0x00007ffe11520000 - 0x00007ffe11600000 	C:\Windows\System32\bcryptPrimitives.dll
0x00007ffdcfdb0000 - 0x00007ffdcfdd0000 	C:\Users\agcar\.p2\pool\plugins\org.eclipse.justj.openjdk.hotspot.jre.full.win32.aarch64_21.0.8.v20250724-1412\jre\bin\java.dll
0x00007ffe14890000 - 0x00007ffe156db000 	C:\Windows\System32\SHELL32.dll
0x00007ffe12020000 - 0x00007ffe12328000 	C:\Windows\System32\wintypes.dll
0x00007ffe0b480000 - 0x00007ffe0c65a000 	C:\Windows\SYSTEM32\windows.storage.dll
0x00007ffe14690000 - 0x00007ffe1488c000 	C:\Windows\System32\SHCORE.dll
0x00007ffe145d0000 - 0x00007ffe14684000 	C:\Windows\System32\shlwapi.dll
0x00007ffe11160000 - 0x00007ffe111aa000 	C:\Windows\SYSTEM32\profapi.dll
0x00007ffdcfd90000 - 0x00007ffdcfda8000 	C:\Users\agcar\.p2\pool\plugins\org.eclipse.justj.openjdk.hotspot.jre.full.win32.aarch64_21.0.8.v20250724-1412\jre\bin\zip.dll
0x00007ffdcfd70000 - 0x00007ffdcfd81000 	C:\Users\agcar\.p2\pool\plugins\org.eclipse.justj.openjdk.hotspot.jre.full.win32.aarch64_21.0.8.v20250724-1412\jre\bin\net.dll
0x00007ffe02980000 - 0x00007ffe02b85000 	C:\Windows\SYSTEM32\WINHTTP.dll
0x00007ffe0df20000 - 0x00007ffe0dfe1000 	C:\Windows\system32\mswsock.dll
0x00007ffda51a0000 - 0x00007ffda51b6000 	C:\Users\agcar\.p2\pool\plugins\org.eclipse.justj.openjdk.hotspot.jre.full.win32.aarch64_21.0.8.v20250724-1412\jre\bin\nio.dll
0x00007ffe109f0000 - 0x00007ffe10a20000 	C:\Windows\SYSTEM32\CRYPTSP.dll
0x00007ffe0d360000 - 0x00007ffe0d3c9000 	C:\Windows\system32\rsaenh.dll
0x00007ffe0f0e0000 - 0x00007ffe0f130000 	C:\Windows\SYSTEM32\USERENV.dll
0x00007ffe11110000 - 0x00007ffe11155000 	C:\Windows\SYSTEM32\bcrypt.dll
0x00007ffe0f320000 - 0x00007ffe0f338000 	C:\Windows\SYSTEM32\CRYPTBASE.dll
0x00007ffe0cc20000 - 0x00007ffe0cc7f000 	C:\Windows\SYSTEM32\IPHLPAPI.DLL
0x00007ffe143c0000 - 0x00007ffe143d2000 	C:\Windows\System32\NSI.dll
0x00007ffdf4000000 - 0x00007ffdf400e000 	C:\Users\agcar\.p2\pool\plugins\org.eclipse.justj.openjdk.hotspot.jre.full.win32.aarch64_21.0.8.v20250724-1412\jre\bin\sunmscapi.dll
0x00007ffe0fa10000 - 0x00007ffe0fca9000 	C:\Windows\SYSTEM32\CRYPT32.dll
0x00007ffe0f530000 - 0x00007ffe0f588000 	C:\Windows\SYSTEM32\ncrypt.dll
0x00007ffe0f4c0000 - 0x00007ffe0f52a000 	C:\Windows\SYSTEM32\NTASN1.dll
0x00007ffe0ec70000 - 0x00007ffe0ec80000 	C:\Windows\system32\wshunix.dll
0x00007ffe0ead0000 - 0x00007ffe0ead8000 	C:\Users\agcar\.p2\pool\plugins\org.eclipse.justj.openjdk.hotspot.jre.full.win32.aarch64_21.0.8.v20250724-1412\jre\bin\extnet.dll
0x00007ffda5d90000 - 0x00007ffda5f15000 	C:\Users\agcar\.p2\pool\plugins\org.eclipse.justj.openjdk.hotspot.jre.full.win32.aarch64_21.0.8.v20250724-1412\jre\bin\awt.dll
0x00007ffe10e60000 - 0x00007ffe10f66000 	C:\Windows\SYSTEM32\apphelp.dll
0x00007ffe0a6d0000 - 0x00007ffe0a7e8000 	C:\Windows\system32\uxtheme.dll
0x00007ffe14110000 - 0x00007ffe14391000 	C:\Windows\System32\MSCTF.dll
0x00007ffe13e50000 - 0x00007ffe140fd000 	C:\Windows\System32\ole32.dll
0x00007ffe09f60000 - 0x00007ffe09fac000 	C:\Windows\system32\DWMAPI.DLL
0x00007ffdd6200000 - 0x00007ffdd63c6000 	C:\Windows\system32\opengl32.dll
0x00007ffdeec20000 - 0x00007ffdeec70000 	C:\Windows\SYSTEM32\GLU32.dll
0x00007ffe0ab20000 - 0x00007ffe0abac000 	C:\Windows\SYSTEM32\dxcore.dll
0x00007ffde7d20000 - 0x00007ffde801e000 	C:\Windows\system32\d3d9.dll
0x00007ffdd6070000 - 0x00007ffdd61fc000 	C:\Windows\SYSTEM32\d3d9on12.dll
0x00007ffdeebd0000 - 0x00007ffdeec18000 	C:\Windows\SYSTEM32\d3d12.dll
0x00007ffe0a870000 - 0x00007ffe0aaaf000 	C:\Windows\SYSTEM32\dxgi.dll
0x00007ffe10a90000 - 0x00007ffe10b30000 	C:\Windows\SYSTEM32\cfgmgr32.dll
0x00007ffd87e20000 - 0x00007ffd883fb000 	C:\Windows\SYSTEM32\D3D12Core.dll
0x00007ffd87330000 - 0x00007ffd87e16000 	C:\Windows\System32\DriverStore\FileRepository\qcdx8150.inf_arm64_886499c6d8f9fb43\qcdx12arm64xum8150.dll
0x00007ffdb3c50000 - 0x00007ffdb3f5e000 	C:\Windows\SYSTEM32\dxilconv.dll
0x00007ffe00e50000 - 0x00007ffe0283e000 	C:\Windows\System32\DriverStore\FileRepository\qcdx8150.inf_arm64_886499c6d8f9fb43\qcdxarm64xcompiler8150.dll
0x00007ffe00ab0000 - 0x00007ffe00c5e000 	C:\Windows\SYSTEM32\D3DSCache.dll
0x00007ffe00280000 - 0x00007ffe00748000 	C:\Windows\SYSTEM32\twinapi.appcore.dll
0x00007ffe04bf0000 - 0x00007ffe04cb7000 	C:\Windows\SYSTEM32\directxdatabasehelper.dll
0x00007ffdd4360000 - 0x00007ffdd43da000 	C:\Users\agcar\.p2\pool\plugins\org.eclipse.justj.openjdk.hotspot.jre.full.win32.aarch64_21.0.8.v20250724-1412\jre\bin\freetype.dll
0x00007ffdae0a0000 - 0x00007ffdae17d000 	C:\Users\agcar\.p2\pool\plugins\org.eclipse.justj.openjdk.hotspot.jre.full.win32.aarch64_21.0.8.v20250724-1412\jre\bin\fontmanager.dll
0x00007ffe13600000 - 0x00007ffe13737000 	C:\Windows\System32\clbcatq.dll
0x00007ffe07fa0000 - 0x00007ffe0835f000 	C:\Windows\SYSTEM32\WindowsCodecs.dll
0x00007ffde5460000 - 0x00007ffde551b000 	C:\Windows\system32\dataexchange.dll
0x00007ffdfc7d0000 - 0x00007ffdfca62000 	C:\Windows\SYSTEM32\textinputframework.dll
0x00007ffdedb20000 - 0x00007ffdedc04000 	C:\Windows\system32\Oleacc.dll
0x00007ffe09fb0000 - 0x00007ffe0a23c000 	C:\Windows\SYSTEM32\CoreMessaging.dll
0x00007ffe03c80000 - 0x00007ffe042f0000 	C:\Windows\SYSTEM32\CoreUIComponents.dll
0x00007ffde81a0000 - 0x00007ffde8278000 	C:\Windows\system32\Ninput.dll
0x00007ffdd2480000 - 0x00007ffdd25c2000 	C:\Windows\WinSxS\arm64_microsoft.windows.common-controls_6595b64144ccf1df_5.82.26100.5751_none_87f28de57a29945c\comctl32.dll
0x00007ffe06eb0000 - 0x00007ffe07088000 	C:\Windows\system32\propsys.dll
0x00007ffe0e430000 - 0x00007ffe0e464000 	C:\Windows\system32\NetworkExplorer.dll
0x00007ffdd6ca0000 - 0x00007ffdd6d7a000 	C:\Windows\System32\thumbcache.dll
0x00007ffdd9af0000 - 0x00007ffdd9b04000 	C:\Windows\system32\IconCodecService.dll
0x00007ffe08810000 - 0x00007ffe08953000 	C:\Windows\SYSTEM32\policymanager.dll
0x00007ffdf9ff0000 - 0x00007ffdfa2e2000 	C:\Windows\System32\urlmon.dll
0x00007ffdf9c90000 - 0x00007ffdf9fe1000 	C:\Windows\System32\iertutil.dll
0x00007ffdf9c30000 - 0x00007ffdf9c7d000 	C:\Windows\System32\srvcli.dll
0x00007ffe0ca40000 - 0x00007ffe0ca59000 	C:\Windows\System32\netutils.dll
0x00007ffe0d790000 - 0x00007ffe0d811000 	C:\Windows\System32\SspiCli.dll
0x00007ffdef820000 - 0x00007ffdef857000 	C:\Windows\SYSTEM32\MPR.dll
0x00007ffe0dd00000 - 0x00007ffe0dd42000 	C:\Windows\System32\p9np.dll
0x00007ffe0e4e0000 - 0x00007ffe0e4fa000 	C:\Windows\System32\drprov.dll
0x00007ffe074b0000 - 0x00007ffe074f3000 	C:\Windows\System32\ntlanman.dll
0x00007ffe0b110000 - 0x00007ffe0b14b000 	C:\Windows\System32\davclnt.dll
0x00007ffe10f70000 - 0x00007ffe1101c000 	C:\Windows\System32\WINSTA.dll
0x00007ffe001d0000 - 0x00007ffe00202000 	C:\Windows\System32\wkscli.dll
0x00007ffde2480000 - 0x00007ffde24a3000 	C:\Windows\SYSTEM32\cscapi.dll
0x00007ffe07140000 - 0x00007ffe071e9000 	C:\Windows\System32\dlnashext.dll
0x00007ffdefa00000 - 0x00007ffdefabe000 	C:\Windows\System32\PlayToDevice.dll
0x00007ffddde90000 - 0x00007ffdddee7000 	C:\Windows\System32\DevDispItemProvider.dll
0x00007ffddc630000 - 0x00007ffddc664000 	C:\Windows\SYSTEM32\deviceassociation.dll
0x00007ffdfcb20000 - 0x00007ffdfcc62000 	C:\Windows\System32\MMDevApi.dll
0x00007ffe10a30000 - 0x00007ffe10a7f000 	C:\Windows\System32\DEVOBJ.dll
0x00007ffdeed30000 - 0x00007ffdeee68000 	C:\Windows\system32\wpdshext.dll
0x00007ffded800000 - 0x00007ffdedb0d000 	C:\Windows\WinSxS\arm64_microsoft.windows.gdiplus_6595b64144ccf1df_1.1.26100.5770_none_6ef8bbe03dc1ed04\gdiplus.dll
0x00007ffdffd50000 - 0x00007ffdffe6e000 	C:\Windows\System32\PortableDeviceApi.dll
0x00007ffe138d0000 - 0x00007ffe13e40000 	C:\Windows\System32\SETUPAPI.dll
0x00007ffe04cc0000 - 0x00007ffe04da1000 	C:\Windows\SYSTEM32\WINTRUST.dll
0x00007ffe0f340000 - 0x00007ffe0f366000 	C:\Windows\SYSTEM32\MSASN1.dll
0x00007ffdd5b70000 - 0x00007ffdd5bbd000 	C:\Windows\System32\EhStorShell.dll
0x00007ffe07460000 - 0x00007ffe0749f000 	C:\Windows\System32\EhStorAPI.dll
0x00007ffe0a4f0000 - 0x00007ffe0a53c000 	C:\Windows\System32\WTSAPI32.dll
0x00007ffdd6c80000 - 0x00007ffdd6c9a000 	C:\Windows\SYSTEM32\LINKINFO.dll
0x00007ffe0ca60000 - 0x00007ffe0ca78000 	C:\Windows\SYSTEM32\Secur32.dll
0x00007ffdec860000 - 0x00007ffdec8a8000 	C:\Windows\SYSTEM32\edputil.dll
0x00007ffe0db60000 - 0x00007ffe0dce0000 	C:\Windows\System32\Windows.StateRepositoryPS.dll
0x00007ffde27c0000 - 0x00007ffde27e9000 	C:\Windows\SYSTEM32\virtdisk.dll
0x00007ffe0f210000 - 0x00007ffe0f2c5000 	C:\Windows\SYSTEM32\Wldp.dll

JVMTI agents: none

dbghelp: loaded successfully - version: 4.0.5 - missing functions: none
symbol engine: initialized successfully - sym options: 0x614 - pdb path: .;C:\Users\agcar\.p2\pool\plugins\org.eclipse.justj.openjdk.hotspot.jre.full.win32.aarch64_21.0.8.v20250724-1412\jre\bin;C:\Windows\SYSTEM32;C:\Windows\WinSxS\arm64_microsoft.windows.common-controls_6595b64144ccf1df_6.0.26100.5770_none_3e0dc8fae32f7336;C:\Users\agcar\.p2\pool\plugins\org.eclipse.justj.openjdk.hotspot.jre.full.win32.aarch64_21.0.8.v20250724-1412\jre\bin\server;C:\Windows\System32\DriverStore\FileRepository\qcdx8150.inf_arm64_886499c6d8f9fb43;C:\Windows\WinSxS\arm64_microsoft.windows.common-controls_6595b64144ccf1df_5.82.26100.5751_none_87f28de57a29945c;C:\Windows\WinSxS\arm64_microsoft.windows.gdiplus_6595b64144ccf1df_1.1.26100.5770_none_6ef8bbe03dc1ed04

VM Arguments:
jvm_args: -Dfile.encoding=UTF-8 -Dstdout.encoding=UTF-8 -Dstderr.encoding=UTF-8 -XX:+ShowCodeDetailsInExceptionMessages 
java_command: com.adbmanager.App
java_class_path (initial): C:\Users\agcar\Documents\GitHub\AdbManager\bin
Launcher Type: SUN_STANDARD

[Global flags]
     intx CICompilerCount                          = 4                                         {product} {ergonomic}
     uint ConcGCThreads                            = 2                                         {product} {ergonomic}
     uint G1ConcRefinementThreads                  = 8                                         {product} {ergonomic}
   size_t G1HeapRegionSize                         = 2097152                                   {product} {ergonomic}
    uintx GCDrainStackTargetSize                   = 64                                        {product} {ergonomic}
   size_t InitialHeapSize                          = 192937984                                 {product} {ergonomic}
   size_t MarkStackSize                            = 4194304                                   {product} {ergonomic}
   size_t MaxHeapSize                              = 3078619136                                {product} {ergonomic}
   size_t MaxNewSize                               = 1845493760                                {product} {ergonomic}
   size_t MinHeapDeltaBytes                        = 2097152                                   {product} {ergonomic}
   size_t MinHeapSize                              = 8388608                                   {product} {ergonomic}
    uintx NonNMethodCodeHeapSize                   = 5839564                                {pd product} {ergonomic}
    uintx NonProfiledCodeHeapSize                  = 122909338                              {pd product} {ergonomic}
    uintx ProfiledCodeHeapSize                     = 122909338                              {pd product} {ergonomic}
    uintx ReservedCodeCacheSize                    = 251658240                              {pd product} {ergonomic}
     bool SegmentedCodeCache                       = true                                      {product} {ergonomic}
     bool ShowCodeDetailsInExceptionMessages       = true                                   {manageable} {command line}
   size_t SoftMaxHeapSize                          = 3078619136                             {manageable} {ergonomic}
     bool UseCompressedOops                        = true                           {product lp64_product} {ergonomic}
     bool UseG1GC                                  = true                                      {product} {ergonomic}
     bool UseLargePagesIndividualAllocation        = false                                  {pd product} {ergonomic}

Logging:
Log output configuration:
 #0: stdout all=warning uptime,level,tags foldmultilines=false
 #1: stderr all=off uptime,level,tags foldmultilines=false

Environment Variables:
PATH=C:/Users/agcar/.p2/pool/plugins/org.eclipse.justj.openjdk.hotspot.jre.full.win32.aarch64_21.0.8.v20250724-1412/jre/bin/server;C:/Users/agcar/.p2/pool/plugins/org.eclipse.justj.openjdk.hotspot.jre.full.win32.aarch64_21.0.8.v20250724-1412/jre/bin;C:\Windows\system32;C:\Windows;C:\Windows\System32\Wbem;C:\Windows\System32\WindowsPowerShell\v1.0\;C:\Windows\System32\OpenSSH\;C:\Program Files\dotnet\;C:\Program Files (x86)\Windows Kits\10\Windows Performance Toolkit\;C:\Users\agcar\AppData\Local\Microsoft\WindowsApps;C:\Users\agcar\AppData\Local\GitHubDesktop\bin;C:\Users\agcar\.adbmanager\tools\adb\managed\platform-tools;;C:\Windows\system32;
USERNAME=agcar
OS=Windows_NT
PROCESSOR_IDENTIFIER=ARMv8 (64-bit) Family 8 Model 805 Revision D0E, Qualcomm Technologies Inc
TMP=C:\Users\agcar\AppData\Local\Temp
TEMP=C:\Users\agcar\AppData\Local\Temp




Periodic native trim disabled

---------------  S Y S T E M  ---------------

OS:
 Windows 11 , 64 bit Build 26100 (10.0.26100.5770)
OS uptime: 0 days 0:56 hours

CPU: total 8 (initial active 8) 0x00:0x0:0x000:0, asimd, aes, sha1, sha256, crc32
Processor Information for processor 0
  Max Mhz: 1785, Current Mhz: 1785, Mhz Limit: 1785
Processor Information for processor 1
  Max Mhz: 1785, Current Mhz: 1785, Mhz Limit: 1785
Processor Information for processor 2
  Max Mhz: 1785, Current Mhz: 1785, Mhz Limit: 1785
Processor Information for processor 3
  Max Mhz: 1785, Current Mhz: 1785, Mhz Limit: 1785
Processor Information for processor 4
  Max Mhz: 2419, Current Mhz: 2419, Mhz Limit: 2419
Processor Information for processor 5
  Max Mhz: 2419, Current Mhz: 2419, Mhz Limit: 2419
Processor Information for processor 6
  Max Mhz: 2419, Current Mhz: 2419, Mhz Limit: 2419
Processor Information for processor 7
  Max Mhz: 2419, Current Mhz: 2419, Mhz Limit: 2419

Memory: 4k page, system-wide physical 11742M (5145M free)
TotalPageFile size 13534M (AvailPageFile size 6570M)
current process WorkingSet (physical memory assigned to process): 575M, peak: 672M
current process commit charge ("private bytes"): 587M, peak: 675M

vm_info: OpenJDK 64-Bit Server VM (21.0.8+9-LTS) for windows-aarch64 JRE (21.0.8+9-LTS), built on 2025-07-15T00:00:00Z by "admin" with MS VC++ 17.7 (VS2022)

END.
